[2026-01-27 12:38:09,304][INFO] Running PROJECT: CRC-DX, P LEARNING RATE: 0.001, E LEARNING RATE: 0.001, OPTIMIZER: ADAMW, NUM EPOCHS: 15, BATCH SIZE: 2048, DEVICES: cuda, SMOOTHING: 0.05
[2026-01-27 12:38:09,305][INFO] params["in_chans"]=[200, 8]
[2026-01-27 12:38:09,305][INFO] params["dims"]=[512, 200]
[2026-01-27 12:38:09,305][INFO] params["out_chans"]=[16, 8]
[2026-01-27 12:38:09,305][INFO] params["heads"]=[8, 4]
[2026-01-27 12:38:09,305][INFO] params["dropout"]=[0.8, 0.4, 0.4]
[2026-01-27 12:38:09,305][INFO] params["inputs"]=[2000, 512, 128, 32, 128, 1024]
[2026-01-27 12:38:09,305][INFO] params["outputs"]=[512, 128, 32, 128, 1024, 2000]
[2026-01-27 12:39:12,439][INFO] Epoch[1/15], loss:10.9975, CE loss:0.7233, SIM loss:0.1470, REC loss: 4.1138, ECON loss: 6.0134
[2026-01-27 12:39:12,440][INFO] Epoch[1/15], train AUC: 0.8660(0.7837-0.9268), test AUC: 0.7890(0.6741-0.8853)
[2026-01-27 12:40:12,606][INFO] Epoch[2/15], loss:7.3227, CE loss:0.6820, SIM loss:0.1846, REC loss: 3.4436, ECON loss: 3.0124
[2026-01-27 12:40:12,606][INFO] Epoch[2/15], train AUC: 0.9381(0.8861-0.9731), test AUC: 0.8502(0.7560-0.9292)
[2026-01-27 12:41:16,637][INFO] Epoch[3/15], loss:4.9895, CE loss:0.6365, SIM loss:0.1492, REC loss: 1.9368, ECON loss: 2.2670
[2026-01-27 12:41:16,638][INFO] Epoch[3/15], train AUC: 0.9710(0.9397-0.9902), test AUC: 0.8882(0.8015-0.9479)
[2026-01-27 12:42:35,018][INFO] Epoch[4/15], loss:3.2674, CE loss:0.5852, SIM loss:0.1184, REC loss: 0.7824, ECON loss: 1.7814
[2026-01-27 12:42:35,019][INFO] Epoch[4/15], train AUC: 0.9910(0.9812-0.9978), test AUC: 0.9076(0.8239-0.9633)
[2026-01-27 12:43:57,185][INFO] Epoch[5/15], loss:2.4417, CE loss:0.5320, SIM loss:0.0983, REC loss: 0.4483, ECON loss: 1.3632
[2026-01-27 12:43:57,186][INFO] Epoch[5/15], train AUC: 0.9954(0.9878-0.9993), test AUC: 0.9102(0.8290-0.9655)
[2026-01-27 12:45:07,770][INFO] Epoch[6/15], loss:1.9478, CE loss:0.4804, SIM loss:0.0902, REC loss: 0.3526, ECON loss: 1.0246
[2026-01-27 12:45:07,771][INFO] Epoch[6/15], train AUC: 0.9988(0.9956-1.0000), test AUC: 0.9227(0.8373-0.9738)
[2026-01-27 12:46:25,027][INFO] Epoch[7/15], loss:1.6274, CE loss:0.4340, SIM loss:0.0849, REC loss: 0.3100, ECON loss: 0.7984
[2026-01-27 12:46:25,027][INFO] Epoch[7/15], train AUC: 0.9996(0.9977-1.0000), test AUC: 0.9249(0.8459-0.9762)
[2026-01-27 12:47:45,809][INFO] Epoch[8/15], loss:1.3915, CE loss:0.3953, SIM loss:0.0824, REC loss: 0.2876, ECON loss: 0.6261
[2026-01-27 12:47:45,810][INFO] Epoch[8/15], train AUC: 1.0000(1.0000-1.0000), test AUC: 0.9349(0.8698-0.9814)
[2026-01-27 12:49:06,353][INFO] Epoch[9/15], loss:1.2255, CE loss:0.3677, SIM loss:0.0802, REC loss: 0.2745, ECON loss: 0.5030
[2026-01-27 12:49:06,355][INFO] Epoch[9/15], train AUC: 1.0000(1.0000-1.0000), test AUC: 0.9301(0.8645-0.9762)
[2026-01-27 12:50:29,972][INFO] Epoch[10/15], loss:1.0782, CE loss:0.3449, SIM loss:0.0772, REC loss: 0.2606, ECON loss: 0.3956
[2026-01-27 12:50:29,973][INFO] Epoch[10/15], train AUC: 1.0000(1.0000-1.0000), test AUC: 0.9206(0.8417-0.9756)
[2026-01-27 12:51:52,695][INFO] Epoch[11/15], loss:0.9948, CE loss:0.3314, SIM loss:0.0746, REC loss: 0.2529, ECON loss: 0.3359
[2026-01-27 12:51:52,695][INFO] Epoch[11/15], train AUC: 1.0000(1.0000-1.0000), test AUC: 0.9317(0.8629-0.9732)
[2026-01-27 12:53:13,920][INFO] Epoch[12/15], loss:0.9151, CE loss:0.3179, SIM loss:0.0708, REC loss: 0.2439, ECON loss: 0.2825
[2026-01-27 12:53:13,921][INFO] Epoch[12/15], train AUC: 1.0000(1.0000-1.0000), test AUC: 0.9224(0.8421-0.9717)
[2026-01-27 12:54:26,165][INFO] Epoch[13/15], loss:0.8555, CE loss:0.3091, SIM loss:0.0678, REC loss: 0.2375, ECON loss: 0.2412
[2026-01-27 12:54:26,166][INFO] Epoch[13/15], train AUC: 1.0000(1.0000-1.0000), test AUC: 0.9203(0.8525-0.9684)
[2026-01-27 12:55:29,496][INFO] Epoch[14/15], loss:0.8057, CE loss:0.3033, SIM loss:0.0640, REC loss: 0.2314, ECON loss: 0.2069
[2026-01-27 12:55:29,497][INFO] Epoch[14/15], train AUC: 1.0000(1.0000-1.0000), test AUC: 0.9236(0.8543-0.9729)
[2026-01-27 12:56:32,112][INFO] Epoch[15/15], loss:0.7661, CE loss:0.2995, SIM loss:0.0607, REC loss: 0.2271, ECON loss: 0.1788
[2026-01-27 12:56:32,112][INFO] Epoch[15/15], train AUC: 1.0000(1.0000-1.0000), test AUC: 0.9216(0.8550-0.9688)
