[2026-01-27 12:20:46,782][INFO] Running PROJECT: CRC-DX, P LEARNING RATE: 0.001, E LEARNING RATE: 0.001, OPTIMIZER: ADAMW, NUM EPOCHS: 15, BATCH SIZE: 2048, DEVICES: cuda, SMOOTHING: 0.05
[2026-01-27 12:20:46,783][INFO] params["in_chans"]=[200, 8]
[2026-01-27 12:20:46,783][INFO] params["dims"]=[512, 200]
[2026-01-27 12:20:46,783][INFO] params["out_chans"]=[16, 8]
[2026-01-27 12:20:46,783][INFO] params["heads"]=[8, 4]
[2026-01-27 12:20:46,783][INFO] params["dropout"]=[0.8, 0.4, 0.4]
[2026-01-27 12:20:46,783][INFO] params["inputs"]=[2000, 512, 128, 32, 128, 1024]
[2026-01-27 12:20:46,784][INFO] params["outputs"]=[512, 128, 32, 128, 1024, 2000]
[2026-01-27 12:21:49,540][INFO] Epoch[1/15], loss:5.4872, CE loss:0.7251, SIM loss:0.0869, REC loss: 4.0866, PCON loss: 0.0000, ECON loss: 0.5886
[2026-01-27 12:21:49,540][INFO] Epoch[1/15], train AUC: 0.7346(0.6434-0.8273), test AUC: 0.7489(0.6333-0.8441)
[2026-01-27 12:22:52,008][INFO] Epoch[2/15], loss:3.9964, CE loss:0.7217, SIM loss:0.0389, REC loss: 2.9385, PCON loss: 0.0000, ECON loss: 0.2972
[2026-01-27 12:22:52,009][INFO] Epoch[2/15], train AUC: 0.5222(0.4258-0.6265), test AUC: 0.6213(0.4899-0.7465)
[2026-01-27 12:23:55,687][INFO] Epoch[3/15], loss:2.0158, CE loss:0.7187, SIM loss:0.0314, REC loss: 1.0173, PCON loss: 0.0000, ECON loss: 0.2485
[2026-01-27 12:23:55,687][INFO] Epoch[3/15], train AUC: 0.6561(0.5596-0.7426), test AUC: 0.6979(0.5676-0.8219)
[2026-01-27 12:24:59,729][INFO] Epoch[4/15], loss:1.3937, CE loss:0.6985, SIM loss:0.0205, REC loss: 0.4808, PCON loss: 0.0000, ECON loss: 0.1939
[2026-01-27 12:24:59,729][INFO] Epoch[4/15], train AUC: 0.7642(0.6812-0.8456), test AUC: 0.7215(0.6027-0.8383)
[2026-01-27 12:26:06,659][INFO] Epoch[5/15], loss:1.2063, CE loss:0.6672, SIM loss:0.0171, REC loss: 0.3712, PCON loss: 0.0000, ECON loss: 0.1509
[2026-01-27 12:26:06,659][INFO] Epoch[5/15], train AUC: 0.8587(0.7770-0.9139), test AUC: 0.7657(0.6452-0.8656)
[2026-01-27 12:27:07,574][INFO] Epoch[6/15], loss:1.0940, CE loss:0.6208, SIM loss:0.0192, REC loss: 0.3347, PCON loss: 0.0000, ECON loss: 0.1194
[2026-01-27 12:27:07,575][INFO] Epoch[6/15], train AUC: 0.9233(0.8742-0.9597), test AUC: 0.8165(0.7038-0.9136)
[2026-01-27 12:28:16,845][INFO] Epoch[7/15], loss:1.0003, CE loss:0.5654, SIM loss:0.0231, REC loss: 0.3162, PCON loss: 0.0000, ECON loss: 0.0955
[2026-01-27 12:28:16,845][INFO] Epoch[7/15], train AUC: 0.9615(0.9353-0.9798), test AUC: 0.8467(0.7416-0.9238)
[2026-01-27 12:29:17,927][INFO] Epoch[8/15], loss:0.9084, CE loss:0.5029, SIM loss:0.0272, REC loss: 0.3017, PCON loss: 0.0000, ECON loss: 0.0766
[2026-01-27 12:29:17,927][INFO] Epoch[8/15], train AUC: 0.9817(0.9653-0.9928), test AUC: 0.8689(0.7770-0.9318)
[2026-01-27 12:30:19,256][INFO] Epoch[9/15], loss:0.8359, CE loss:0.4482, SIM loss:0.0306, REC loss: 0.2920, PCON loss: 0.0000, ECON loss: 0.0651
[2026-01-27 12:30:19,256][INFO] Epoch[9/15], train AUC: 0.9919(0.9815-0.9980), test AUC: 0.8888(0.8065-0.9495)
[2026-01-27 12:31:21,715][INFO] Epoch[10/15], loss:0.7725, CE loss:0.4060, SIM loss:0.0330, REC loss: 0.2809, PCON loss: 0.0000, ECON loss: 0.0526
[2026-01-27 12:31:21,715][INFO] Epoch[10/15], train AUC: 0.9972(0.9911-0.9998), test AUC: 0.9008(0.8244-0.9586)
[2026-01-27 12:32:21,770][INFO] Epoch[11/15], loss:0.7272, CE loss:0.3725, SIM loss:0.0346, REC loss: 0.2742, PCON loss: 0.0000, ECON loss: 0.0459
[2026-01-27 12:32:21,770][INFO] Epoch[11/15], train AUC: 0.9995(0.9976-1.0000), test AUC: 0.9068(0.8316-0.9614)
[2026-01-27 12:33:21,931][INFO] Epoch[12/15], loss:0.6906, CE loss:0.3519, SIM loss:0.0347, REC loss: 0.2657, PCON loss: 0.0000, ECON loss: 0.0385
[2026-01-27 12:33:21,931][INFO] Epoch[12/15], train AUC: 1.0000(1.0000-1.0000), test AUC: 0.9012(0.8170-0.9623)
[2026-01-27 12:34:22,651][INFO] Epoch[13/15], loss:0.6593, CE loss:0.3333, SIM loss:0.0345, REC loss: 0.2573, PCON loss: 0.0000, ECON loss: 0.0342
[2026-01-27 12:34:22,651][INFO] Epoch[13/15], train AUC: 1.0000(1.0000-1.0000), test AUC: 0.9066(0.8282-0.9660)
[2026-01-27 12:35:26,282][INFO] Epoch[14/15], loss:0.6354, CE loss:0.3217, SIM loss:0.0341, REC loss: 0.2501, PCON loss: 0.0000, ECON loss: 0.0295
[2026-01-27 12:35:26,282][INFO] Epoch[14/15], train AUC: 1.0000(1.0000-1.0000), test AUC: 0.9176(0.8454-0.9662)
[2026-01-27 12:36:28,863][INFO] Epoch[15/15], loss:0.6161, CE loss:0.3134, SIM loss:0.0327, REC loss: 0.2433, PCON loss: 0.0000, ECON loss: 0.0267
[2026-01-27 12:36:28,864][INFO] Epoch[15/15], train AUC: 1.0000(1.0000-1.0000), test AUC: 0.9195(0.8359-0.9752)
