[2026-01-27 11:59:23,369][INFO] Running PROJECT: CRC-DX, P LEARNING RATE: 0.001, E LEARNING RATE: 0.001, OPTIMIZER: ADAMW, NUM EPOCHS: 15, BATCH SIZE: 2048, DEVICES: cuda, SMOOTHING: 0.05
[2026-01-27 11:59:23,370][INFO] params["in_chans"]=[200, 8]
[2026-01-27 11:59:23,370][INFO] params["dims"]=[512, 200]
[2026-01-27 11:59:23,370][INFO] params["out_chans"]=[16, 8]
[2026-01-27 11:59:23,370][INFO] params["heads"]=[8, 4]
[2026-01-27 11:59:23,370][INFO] params["dropout"]=[0.8, 0.4, 0.4]
[2026-01-27 11:59:23,370][INFO] params["inputs"]=[2000, 512, 128, 32, 128, 1024]
[2026-01-27 11:59:23,370][INFO] params["outputs"]=[512, 128, 32, 128, 1024, 2000]
[2026-01-27 12:00:31,765][INFO] Epoch[1/15], loss:5.4056, CE loss:0.7288, SIM loss:0.0000, REC loss: 4.0938, PCON loss: 0.0000, ECON loss: 0.5830
[2026-01-27 12:00:31,766][INFO] Epoch[1/15], train AUC: 0.7023(0.7888-0.8660), test AUC: 0.4953(0.6362-0.7686)
[2026-01-27 12:01:35,763][INFO] Epoch[2/15], loss:3.7478, CE loss:0.7059, SIM loss:0.0000, REC loss: 2.7322, PCON loss: 0.0000, ECON loss: 0.3097
[2026-01-27 12:01:35,763][INFO] Epoch[2/15], train AUC: 0.6858(0.7836-0.8665), test AUC: 0.5353(0.6741-0.7982)
[2026-01-27 12:02:39,950][INFO] Epoch[3/15], loss:1.8554, CE loss:0.6898, SIM loss:0.0000, REC loss: 0.9056, PCON loss: 0.0000, ECON loss: 0.2600
[2026-01-27 12:02:39,951][INFO] Epoch[3/15], train AUC: 0.6974(0.7949-0.8767), test AUC: 0.5411(0.6766-0.7937)
[2026-01-27 12:03:42,287][INFO] Epoch[4/15], loss:1.3295, CE loss:0.6651, SIM loss:0.0000, REC loss: 0.4540, PCON loss: 0.0000, ECON loss: 0.2105
[2026-01-27 12:03:42,287][INFO] Epoch[4/15], train AUC: 0.7660(0.8514-0.9216), test AUC: 0.6230(0.7440-0.8515)
[2026-01-27 12:04:45,651][INFO] Epoch[5/15], loss:1.1557, CE loss:0.6267, SIM loss:0.0000, REC loss: 0.3646, PCON loss: 0.0000, ECON loss: 0.1644
[2026-01-27 12:04:45,652][INFO] Epoch[5/15], train AUC: 0.8470(0.9154-0.9619), test AUC: 0.7002(0.8117-0.8998)
[2026-01-27 12:05:46,063][INFO] Epoch[6/15], loss:1.0395, CE loss:0.5792, SIM loss:0.0000, REC loss: 0.3301, PCON loss: 0.0000, ECON loss: 0.1301
[2026-01-27 12:05:46,064][INFO] Epoch[6/15], train AUC: 0.8846(0.9440-0.9801), test AUC: 0.7250(0.8347-0.9187)
[2026-01-27 12:06:46,598][INFO] Epoch[7/15], loss:0.9443, CE loss:0.5290, SIM loss:0.0000, REC loss: 0.3109, PCON loss: 0.0000, ECON loss: 0.1044
[2026-01-27 12:06:46,598][INFO] Epoch[7/15], train AUC: 0.9216(0.9651-0.9895), test AUC: 0.7600(0.8572-0.9320)
[2026-01-27 12:07:50,271][INFO] Epoch[8/15], loss:0.8671, CE loss:0.4808, SIM loss:0.0000, REC loss: 0.3006, PCON loss: 0.0000, ECON loss: 0.0857
[2026-01-27 12:07:50,271][INFO] Epoch[8/15], train AUC: 0.9616(0.9821-0.9953), test AUC: 0.8065(0.8899-0.9563)
[2026-01-27 12:08:53,131][INFO] Epoch[9/15], loss:0.7983, CE loss:0.4383, SIM loss:0.0000, REC loss: 0.2918, PCON loss: 0.0000, ECON loss: 0.0683
[2026-01-27 12:08:53,131][INFO] Epoch[9/15], train AUC: 0.9753(0.9882-0.9966), test AUC: 0.8373(0.9111-0.9643)
[2026-01-27 12:09:55,123][INFO] Epoch[10/15], loss:0.7404, CE loss:0.3999, SIM loss:0.0000, REC loss: 0.2830, PCON loss: 0.0000, ECON loss: 0.0575
[2026-01-27 12:09:55,123][INFO] Epoch[10/15], train AUC: 0.9886(0.9955-0.9993), test AUC: 0.8344(0.9142-0.9678)
[2026-01-27 12:10:55,483][INFO] Epoch[11/15], loss:0.6912, CE loss:0.3664, SIM loss:0.0000, REC loss: 0.2762, PCON loss: 0.0000, ECON loss: 0.0486
[2026-01-27 12:10:55,483][INFO] Epoch[11/15], train AUC: 0.9968(0.9991-1.0000), test AUC: 0.8482(0.9223-0.9714)
[2026-01-27 12:11:55,456][INFO] Epoch[12/15], loss:0.6558, CE loss:0.3417, SIM loss:0.0000, REC loss: 0.2717, PCON loss: 0.0000, ECON loss: 0.0424
[2026-01-27 12:11:55,456][INFO] Epoch[12/15], train AUC: 0.9988(0.9999-1.0000), test AUC: 0.8424(0.9155-0.9697)
[2026-01-27 12:12:56,757][INFO] Epoch[13/15], loss:0.6252, CE loss:0.3239, SIM loss:0.0000, REC loss: 0.2643, PCON loss: 0.0000, ECON loss: 0.0371
[2026-01-27 12:12:56,757][INFO] Epoch[13/15], train AUC: 0.9988(0.9999-1.0000), test AUC: 0.8438(0.9208-0.9717)
[2026-01-27 12:14:02,528][INFO] Epoch[14/15], loss:0.5975, CE loss:0.3110, SIM loss:0.0000, REC loss: 0.2532, PCON loss: 0.0000, ECON loss: 0.0333
[2026-01-27 12:14:02,529][INFO] Epoch[14/15], train AUC: 1.0000(1.0000-1.0000), test AUC: 0.8470(0.9156-0.9691)
[2026-01-27 12:15:06,342][INFO] Epoch[15/15], loss:0.5792, CE loss:0.3014, SIM loss:0.0000, REC loss: 0.2478, PCON loss: 0.0000, ECON loss: 0.0300
[2026-01-27 12:15:06,342][INFO] Epoch[15/15], train AUC: 1.0000(1.0000-1.0000), test AUC: 0.8312(0.9125-0.9697)
